  AssetImportLibrary.cpp
D:\MoxieEngine\Moxie-Engine\OpenGLBasics\glPCH.h(23,10): fatal error C1083: Cannot open include file: 'al.h': No such file or directory
  AudioClass.cpp
D:\MoxieEngine\Moxie-Engine\OpenGLBasics\glPCH.h(23,10): fatal error C1083: Cannot open include file: 'al.h': No such file or directory
  AudioCommand.cpp
D:\MoxieEngine\Moxie-Engine\OpenGLBasics\glPCH.h(23,10): fatal error C1083: Cannot open include file: 'al.h': No such file or directory
  AudioEQComponent.cpp
D:\MoxieEngine\Moxie-Engine\OpenGLBasics\glPCH.h(23,10): fatal error C1083: Cannot open include file: 'al.h': No such file or directory
  AudioSource.cpp
D:\MoxieEngine\Moxie-Engine\OpenGLBasics\glPCH.h(23,10): fatal error C1083: Cannot open include file: 'al.h': No such file or directory
  AxisCommand.cpp
D:\MoxieEngine\Moxie-Engine\OpenGLBasics\glPCH.h(23,10): fatal error C1083: Cannot open include file: 'al.h': No such file or directory
  BaseObject.cpp
D:\MoxieEngine\Moxie-Engine\OpenGLBasics\glPCH.h(23,10): fatal error C1083: Cannot open include file: 'al.h': No such file or directory
  ButtonCommand.cpp
D:\MoxieEngine\Moxie-Engine\OpenGLBasics\glPCH.h(23,10): fatal error C1083: Cannot open include file: 'al.h': No such file or directory
  Command.cpp
D:\MoxieEngine\Moxie-Engine\OpenGLBasics\glPCH.h(23,10): fatal error C1083: Cannot open include file: 'al.h': No such file or directory
  Cubemaps.cpp
D:\MoxieEngine\Moxie-Engine\OpenGLBasics\glPCH.h(23,10): fatal error C1083: Cannot open include file: 'al.h': No such file or directory
  EntityComponent.cpp
D:\MoxieEngine\Moxie-Engine\OpenGLBasics\glPCH.h(23,10): fatal error C1083: Cannot open include file: 'al.h': No such file or directory
  Camera.cpp
D:\MoxieEngine\Moxie-Engine\OpenGLBasics\glPCH.h(23,10): fatal error C1083: Cannot open include file: 'al.h': No such file or directory
  Entity.cpp
D:\MoxieEngine\Moxie-Engine\OpenGLBasics\glPCH.h(23,10): fatal error C1083: Cannot open include file: 'al.h': No such file or directory
  EventHandler.cpp
D:\MoxieEngine\Moxie-Engine\OpenGLBasics\glPCH.h(23,10): fatal error C1083: Cannot open include file: 'al.h': No such file or directory
  GameLoop.cpp
D:\MoxieEngine\Moxie-Engine\OpenGLBasics\glPCH.h(23,10): fatal error C1083: Cannot open include file: 'al.h': No such file or directory
  GLSetup.cpp
D:\MoxieEngine\Moxie-Engine\OpenGLBasics\glPCH.h(23,10): fatal error C1083: Cannot open include file: 'al.h': No such file or directory
  GLWindow.cpp
D:\MoxieEngine\Moxie-Engine\OpenGLBasics\glPCH.h(23,10): fatal error C1083: Cannot open include file: 'al.h': No such file or directory
  Graphic.cpp
D:\MoxieEngine\Moxie-Engine\OpenGLBasics\glPCH.h(23,10): fatal error C1083: Cannot open include file: 'al.h': No such file or directory
  GUI_Base.cpp
D:\MoxieEngine\Moxie-Engine\OpenGLBasics\glPCH.h(23,10): fatal error C1083: Cannot open include file: 'al.h': No such file or directory
  imgui.cpp
  Compiling...
  imgui_demo.cpp
  imgui_draw.cpp
  imgui_impl_opengl3.cpp
  imgui_impl_sdl.cpp
D:\MoxieEngine\Moxie-Engine\OpenGLBasics\imgui\imgui_impl_sdl.cpp(71,10): fatal error C1083: Cannot open include file: 'SDL.h': No such file or directory
  imgui_impl_sdlrenderer.cpp
D:\MoxieEngine\Moxie-Engine\OpenGLBasics\glPCH.h(23,10): fatal error C1083: Cannot open include file: 'al.h': No such file or directory
  imgui_tables.cpp
  imgui_widgets.cpp
  InputHandler.cpp
D:\MoxieEngine\Moxie-Engine\OpenGLBasics\glPCH.h(23,10): fatal error C1083: Cannot open include file: 'al.h': No such file or directory
  Light.cpp
D:\MoxieEngine\Moxie-Engine\OpenGLBasics\glPCH.h(23,10): fatal error C1083: Cannot open include file: 'al.h': No such file or directory
  LightComponent.cpp
D:\MoxieEngine\Moxie-Engine\OpenGLBasics\glPCH.h(23,10): fatal error C1083: Cannot open include file: 'al.h': No such file or directory
  LineRenderComponent.cpp
D:\MoxieEngine\Moxie-Engine\OpenGLBasics\glPCH.h(23,10): fatal error C1083: Cannot open include file: 'al.h': No such file or directory
  LineRenderer.cpp
D:\MoxieEngine\Moxie-Engine\OpenGLBasics\glPCH.h(23,10): fatal error C1083: Cannot open include file: 'al.h': No such file or directory
  LineShaperComponent.cpp
D:\MoxieEngine\Moxie-Engine\OpenGLBasics\glPCH.h(23,10): fatal error C1083: Cannot open include file: 'al.h': No such file or directory
  Log.cpp
D:\MoxieEngine\Moxie-Engine\OpenGLBasics\glPCH.h(23,10): fatal error C1083: Cannot open include file: 'al.h': No such file or directory
  MActor.cpp
D:\MoxieEngine\Moxie-Engine\OpenGLBasics\glPCH.h(23,10): fatal error C1083: Cannot open include file: 'al.h': No such file or directory
  MainMenu.cpp
D:\MoxieEngine\Moxie-Engine\OpenGLBasics\glPCH.h(23,10): fatal error C1083: Cannot open include file: 'al.h': No such file or directory
  Mesh.cpp
D:\MoxieEngine\Moxie-Engine\OpenGLBasics\glPCH.h(23,10): fatal error C1083: Cannot open include file: 'al.h': No such file or directory
  MeshComponent.cpp
D:\MoxieEngine\Moxie-Engine\OpenGLBasics\glPCH.h(23,10): fatal error C1083: Cannot open include file: 'al.h': No such file or directory
  MouseCapture.cpp
D:\MoxieEngine\Moxie-Engine\OpenGLBasics\glPCH.h(23,10): fatal error C1083: Cannot open include file: 'al.h': No such file or directory
  MoxieEvents.cpp
D:\MoxieEngine\Moxie-Engine\OpenGLBasics\glPCH.h(23,10): fatal error C1083: Cannot open include file: 'al.h': No such file or directory
  Compiling...
  MViewport.cpp
D:\MoxieEngine\Moxie-Engine\OpenGLBasics\glPCH.h(23,10): fatal error C1083: Cannot open include file: 'al.h': No such file or directory
  MyLightComponent.cpp
D:\MoxieEngine\Moxie-Engine\OpenGLBasics\glPCH.h(23,10): fatal error C1083: Cannot open include file: 'al.h': No such file or directory
  RotatingLightComponent.cpp
D:\MoxieEngine\Moxie-Engine\OpenGLBasics\glPCH.h(23,10): fatal error C1083: Cannot open include file: 'al.h': No such file or directory
  ShapeTransformationLibrary.cpp
D:\MoxieEngine\Moxie-Engine\OpenGLBasics\glPCH.h(23,10): fatal error C1083: Cannot open include file: 'al.h': No such file or directory
  SoundEngine.cpp
D:\MoxieEngine\Moxie-Engine\OpenGLBasics\glPCH.h(23,10): fatal error C1083: Cannot open include file: 'al.h': No such file or directory
  StandaloneWindow.cpp
D:\MoxieEngine\Moxie-Engine\OpenGLBasics\glPCH.h(23,10): fatal error C1083: Cannot open include file: 'al.h': No such file or directory
  Texture.cpp
D:\MoxieEngine\Moxie-Engine\OpenGLBasics\glPCH.h(23,10): fatal error C1083: Cannot open include file: 'al.h': No such file or directory
  WavReader.cpp
D:\MoxieEngine\Moxie-Engine\OpenGLBasics\glPCH.h(23,10): fatal error C1083: Cannot open include file: 'al.h': No such file or directory
